<?xml version="1.0" encoding="UTF-8"?>
<!-- Generated by org.testng.reporters.JUnitReportReporter -->
<testsuite hostname="DESKTOP-G3K29R7" failures="0" tests="8" name="com.example.demo.NewTest1" time="23.863" errors="1" timestamp="2023-08-01T11:29:43 IST" skipped="1">
  <testcase classname="com.example.demo.NewTest1" name="launchFlipkartTest" time="1.975">
    <system-out>
      <![CDATA[Flipkart website launched successfully!]]>
    </system-out>
  </testcase> <!-- launchFlipkartTest -->
  <testcase classname="com.example.demo.NewTest1" name="performanceTest" time="1.430">
    <system-out>
      <![CDATA[Performnace Test Completed Successfully!
Page Load Time: 1426 milliseconds]]>
    </system-out>
  </testcase> <!-- performanceTest -->
  <testcase classname="com.example.demo.NewTest1" name="searchProductTest" time="8.329">
    <error message="no such element: Unable to locate element: {&quot;method&quot;:&quot;xpath&quot;,&quot;selector&quot;:&quot;/html/body/div[1]/div/div[1]/div/div/div/div/div[1]/div/div[1]/div/div[2]/div[1]/div/div[1]/div/div/div/div/div[1]/a[2]/div/div/div/div/img&quot;}
  (Session info: MicrosoftEdge=115.0.1901.188)
For documentation on this error, please visit: https://www.seleniumhq.org/exceptions/no_such_element.html
Build info: version: &#039;3.141.59&#039;, revision: &#039;e82be7d358&#039;, time: &#039;2018-11-14T08:25:48&#039;
System info: host: &#039;DESKTOP-G3K29R7&#039;, ip: &#039;172.31.144.1&#039;, os.name: &#039;Windows 10&#039;, os.arch: &#039;amd64&#039;, os.version: &#039;10.0&#039;, java.version: &#039;17.0.6&#039;
Driver info: org.openqa.selenium.edge.EdgeDriver
Capabilities {acceptInsecureCerts: false, browserName: msedge, browserVersion: 115.0.1901.188, javascriptEnabled: true, ms:edgeOptions: {debuggerAddress: localhost:56767}, msedge: {msedgedriverVersion: 115.0.1901.188 (b51b39339c4..., userDataDir: C:\Users\Welcome\AppData\Lo...}, networkConnectionEnabled: false, pageLoadStrategy: normal, platform: WINDOWS, platformName: WINDOWS, proxy: Proxy(), setWindowRect: true, strictFileInteractability: false, timeouts: {implicit: 0, pageLoad: 300000, script: 30000}, unhandledPromptBehavior: dismiss and notify, webauthn:extension:credBlob: true, webauthn:extension:largeBlob: true, webauthn:extension:minPinLength: true, webauthn:extension:prf: true, webauthn:virtualAuthenticators: true}
Session ID: 72cd1a68909087b8e0458f1928ed8198
*** Element info: {Using=xpath, value=/html/body/div[1]/div/div[1]/div/div/div/div/div[1]/div/div[1]/div/div[2]/div[1]/div/div[1]/div/div/div/div/div[1]/a[2]/div/div/div/div/img}" type="org.openqa.selenium.NoSuchElementException">
      <![CDATA[org.openqa.selenium.NoSuchElementException: no such element: Unable to locate element: {"method":"xpath","selector":"/html/body/div[1]/div/div[1]/div/div/div/div/div[1]/div/div[1]/div/div[2]/div[1]/div/div[1]/div/div/div/div/div[1]/a[2]/div/div/div/div/img"}
  (Session info: MicrosoftEdge=115.0.1901.188)
For documentation on this error, please visit: https://www.seleniumhq.org/exceptions/no_such_element.html
Build info: version: '3.141.59', revision: 'e82be7d358', time: '2018-11-14T08:25:48'
System info: host: 'DESKTOP-G3K29R7', ip: '172.31.144.1', os.name: 'Windows 10', os.arch: 'amd64', os.version: '10.0', java.version: '17.0.6'
Driver info: org.openqa.selenium.edge.EdgeDriver
Capabilities {acceptInsecureCerts: false, browserName: msedge, browserVersion: 115.0.1901.188, javascriptEnabled: true, ms:edgeOptions: {debuggerAddress: localhost:56767}, msedge: {msedgedriverVersion: 115.0.1901.188 (b51b39339c4..., userDataDir: C:\Users\Welcome\AppData\Lo...}, networkConnectionEnabled: false, pageLoadStrategy: normal, platform: WINDOWS, platformName: WINDOWS, proxy: Proxy(), setWindowRect: true, strictFileInteractability: false, timeouts: {implicit: 0, pageLoad: 300000, script: 30000}, unhandledPromptBehavior: dismiss and notify, webauthn:extension:credBlob: true, webauthn:extension:largeBlob: true, webauthn:extension:minPinLength: true, webauthn:extension:prf: true, webauthn:virtualAuthenticators: true}
Session ID: 72cd1a68909087b8e0458f1928ed8198
*** Element info: {Using=xpath, value=/html/body/div[1]/div/div[1]/div/div/div/div/div[1]/div/div[1]/div/div[2]/div[1]/div/div[1]/div/div/div/div/div[1]/a[2]/div/div/div/div/img}
at java.base/jdk.internal.reflect.NativeConstructorAccessorImpl.newInstance0(Native Method)
at java.base/jdk.internal.reflect.NativeConstructorAccessorImpl.newInstance(NativeConstructorAccessorImpl.java:77)
at java.base/jdk.internal.reflect.DelegatingConstructorAccessorImpl.newInstance(DelegatingConstructorAccessorImpl.java:45)
at java.base/java.lang.reflect.Constructor.newInstanceWithCaller(Constructor.java:499)
at java.base/java.lang.reflect.Constructor.newInstance(Constructor.java:480)
at org.openqa.selenium.remote.http.W3CHttpResponseCodec.createException(W3CHttpResponseCodec.java:187)
at org.openqa.selenium.remote.http.W3CHttpResponseCodec.decode(W3CHttpResponseCodec.java:122)
at org.openqa.selenium.remote.http.W3CHttpResponseCodec.decode(W3CHttpResponseCodec.java:49)
at org.openqa.selenium.remote.HttpCommandExecutor.execute(HttpCommandExecutor.java:158)
at org.openqa.selenium.remote.service.DriverCommandExecutor.execute(DriverCommandExecutor.java:83)
at org.openqa.selenium.remote.RemoteWebDriver.execute(RemoteWebDriver.java:552)
at org.openqa.selenium.remote.RemoteWebDriver.findElement(RemoteWebDriver.java:323)
at org.openqa.selenium.remote.RemoteWebDriver.findElementByXPath(RemoteWebDriver.java:428)
at org.openqa.selenium.By$ByXPath.findElement(By.java:353)
at org.openqa.selenium.remote.RemoteWebDriver.findElement(RemoteWebDriver.java:315)
at com.example.demo.NewTest1.searchProductTest(NewTest1.java:87)
at java.base/jdk.internal.reflect.NativeMethodAccessorImpl.invoke0(Native Method)
at java.base/jdk.internal.reflect.NativeMethodAccessorImpl.invoke(NativeMethodAccessorImpl.java:77)
at java.base/jdk.internal.reflect.DelegatingMethodAccessorImpl.invoke(DelegatingMethodAccessorImpl.java:43)
at java.base/java.lang.reflect.Method.invoke(Method.java:568)
at org.testng.internal.invokers.MethodInvocationHelper.invokeMethod(MethodInvocationHelper.java:139)
at org.testng.internal.invokers.TestInvoker.invokeMethod(TestInvoker.java:664)
at org.testng.internal.invokers.TestInvoker.invokeTestMethod(TestInvoker.java:227)
at org.testng.internal.invokers.MethodRunner.runInSequence(MethodRunner.java:50)
at org.testng.internal.invokers.TestInvoker$MethodInvocationAgent.invoke(TestInvoker.java:957)
at org.testng.internal.invokers.TestInvoker.invokeTestMethods(TestInvoker.java:200)
at org.testng.internal.invokers.TestMethodWorker.invokeTestMethods(TestMethodWorker.java:148)
at org.testng.internal.invokers.TestMethodWorker.run(TestMethodWorker.java:128)
at java.base/java.util.ArrayList.forEach(ArrayList.java:1511)
at org.testng.TestRunner.privateRun(TestRunner.java:848)
at org.testng.TestRunner.run(TestRunner.java:621)
at org.testng.SuiteRunner.runTest(SuiteRunner.java:443)
at org.testng.SuiteRunner.runSequentially(SuiteRunner.java:437)
at org.testng.SuiteRunner.privateRun(SuiteRunner.java:397)
at org.testng.SuiteRunner.run(SuiteRunner.java:336)
at org.testng.SuiteRunnerWorker.runSuite(SuiteRunnerWorker.java:52)
at org.testng.SuiteRunnerWorker.run(SuiteRunnerWorker.java:95)
at org.testng.TestNG.runSuitesSequentially(TestNG.java:1280)
at org.testng.TestNG.runSuitesLocally(TestNG.java:1200)
at org.testng.TestNG.runSuites(TestNG.java:1114)
at org.testng.TestNG.run(TestNG.java:1082)
at org.testng.remote.AbstractRemoteTestNG.run(AbstractRemoteTestNG.java:115)
at org.testng.remote.RemoteTestNG.initAndRun(RemoteTestNG.java:251)
at org.testng.remote.RemoteTestNG.main(RemoteTestNG.java:77)
]]>
    </error>
  </testcase> <!-- searchProductTest -->
  <testcase classname="com.example.demo.NewTest1" name="imageLoadTest" time="0.001">
    <skipped/>
  </testcase> <!-- imageLoadTest -->
  <testcase classname="com.example.demo.NewTest1" name="imageDownloadedBeforeScrollTest" time="8.015">
    <system-out>
      <![CDATA[Image has not been downloaded ! ]]>
    </system-out>
  </testcase> <!-- imageDownloadedBeforeScrollTest -->
  <testcase classname="com.example.demo.NewTest1" name="scrollFeatureTest" time="0.016">
    <system-out>
      <![CDATA[This page has a scroll feature !]]>
    </system-out>
  </testcase> <!-- scrollFeatureTest -->
  <testcase classname="com.example.demo.NewTest1" name="frequencyTest" time="4.080">
    <system-out>
      <![CDATA[Image loaded successfully after first scroll !
Image loaded successfully after second scroll!]]>
    </system-out>
  </testcase> <!-- frequencyTest -->
  <testcase classname="com.example.demo.NewTest1" name="navigateToBottomFeatureTest" time="0.017">
    <system-out>
      <![CDATA[Navigated to the bottom of the page !]]>
    </system-out>
  </testcase> <!-- navigateToBottomFeatureTest -->
  <system-out>
    <![CDATA[Flipkart website launched successfully!
Performnace Test Completed Successfully!
Page Load Time: 1426 milliseconds
Image has not been downloaded ! 
This page has a scroll feature !
Image loaded successfully after first scroll !
Image loaded successfully after second scroll!
Navigated to the bottom of the page !]]>
  </system-out>
</testsuite> <!-- com.example.demo.NewTest1 -->
